<?xml version="1.0" encoding="UTF-8"?>
<testsuite xmlns:xsi="http://www.w3.org/2001/XMLSchema-instance" xsi:noNamespaceSchemaLocation="https://maven.apache.org/surefire/maven-surefire-plugin/xsd/surefire-test-report.xsd" name="coursework.CustomerDataTest" time="3.16" tests="6" errors="0" skipped="0" failures="0">
  <properties>
    <property name="sun.desktop" value="windows"/>
    <property name="awt.toolkit" value="sun.awt.windows.WToolkit"/>
    <property name="file.encoding.pkg" value="sun.io"/>
    <property name="java.specification.version" value="1.8"/>
    <property name="sun.cpu.isalist" value=""/>
    <property name="sun.jnu.encoding" value="Cp1252"/>
    <property name="java.class.path" value="C:\code\surrey\se-coursework1\target\test-classes;C:\code\surrey\se-coursework1\target\classes;C:\Users\mastigador\.m2\repository\junit\junit\4.11\junit-4.11.jar;C:\Users\mastigador\.m2\repository\org\hamcrest\hamcrest-core\1.3\hamcrest-core-1.3.jar;C:\Users\mastigador\.m2\repository\mysql\mysql-connector-java\8.0.13\mysql-connector-java-8.0.13.jar;C:\Users\mastigador\.m2\repository\com\google\protobuf\protobuf-java\3.6.1\protobuf-java-3.6.1.jar;"/>
    <property name="java.vm.vendor" value="Oracle Corporation"/>
    <property name="sun.arch.data.model" value="32"/>
    <property name="user.variant" value=""/>
    <property name="java.vendor.url" value="http://java.oracle.com/"/>
    <property name="user.timezone" value="Europe/London"/>
    <property name="java.vm.specification.version" value="1.8"/>
    <property name="os.name" value="Windows 10"/>
    <property name="user.country" value="GB"/>
    <property name="sun.java.launcher" value="SUN_STANDARD"/>
    <property name="sun.boot.library.path" value="C:\Program Files (x86)\Java\jre1.8.0_241\bin"/>
    <property name="sun.java.command" value="C:\Users\MASTIG~1\AppData\Local\Temp\surefire1032994797009981600\surefirebooter3916937539395378834.jar C:\Users\mastigador\AppData\Local\Temp\surefire1032994797009981600 2020-05-17T20-36-27_021-jvmRun1 surefire1037381465206865542tmp surefire_08035217679771991055tmp"/>
    <property name="surefire.test.class.path" value="C:\code\surrey\se-coursework1\target\test-classes;C:\code\surrey\se-coursework1\target\classes;C:\Users\mastigador\.m2\repository\junit\junit\4.11\junit-4.11.jar;C:\Users\mastigador\.m2\repository\org\hamcrest\hamcrest-core\1.3\hamcrest-core-1.3.jar;C:\Users\mastigador\.m2\repository\mysql\mysql-connector-java\8.0.13\mysql-connector-java-8.0.13.jar;C:\Users\mastigador\.m2\repository\com\google\protobuf\protobuf-java\3.6.1\protobuf-java-3.6.1.jar;"/>
    <property name="sun.cpu.endian" value="little"/>
    <property name="user.home" value="C:\Users\mastigador"/>
    <property name="user.language" value="en"/>
    <property name="java.specification.vendor" value="Oracle Corporation"/>
    <property name="java.home" value="C:\Program Files (x86)\Java\jre1.8.0_241"/>
    <property name="basedir" value="C:\code\surrey\se-coursework1"/>
    <property name="file.separator" value="\"/>
    <property name="line.separator" value="&#10;"/>
    <property name="java.vm.specification.vendor" value="Oracle Corporation"/>
    <property name="java.specification.name" value="Java Platform API Specification"/>
    <property name="java.awt.graphicsenv" value="sun.awt.Win32GraphicsEnvironment"/>
    <property name="surefire.real.class.path" value="C:\Users\MASTIG~1\AppData\Local\Temp\surefire1032994797009981600\surefirebooter3916937539395378834.jar"/>
    <property name="sun.boot.class.path" value="C:\Program Files (x86)\Java\jre1.8.0_241\lib\resources.jar;C:\Program Files (x86)\Java\jre1.8.0_241\lib\rt.jar;C:\Program Files (x86)\Java\jre1.8.0_241\lib\sunrsasign.jar;C:\Program Files (x86)\Java\jre1.8.0_241\lib\jsse.jar;C:\Program Files (x86)\Java\jre1.8.0_241\lib\jce.jar;C:\Program Files (x86)\Java\jre1.8.0_241\lib\charsets.jar;C:\Program Files (x86)\Java\jre1.8.0_241\lib\jfr.jar;C:\Program Files (x86)\Java\jre1.8.0_241\classes"/>
    <property name="user.script" value=""/>
    <property name="sun.management.compiler" value="HotSpot Client Compiler"/>
    <property name="java.runtime.version" value="1.8.0_241-b07"/>
    <property name="user.name" value="mastigador"/>
    <property name="path.separator" value=";"/>
    <property name="os.version" value="10.0"/>
    <property name="java.endorsed.dirs" value="C:\Program Files (x86)\Java\jre1.8.0_241\lib\endorsed"/>
    <property name="java.runtime.name" value="Java(TM) SE Runtime Environment"/>
    <property name="file.encoding" value="Cp1252"/>
    <property name="java.vm.name" value="Java HotSpot(TM) Client VM"/>
    <property name="localRepository" value="C:\Users\mastigador\.m2\repository"/>
    <property name="java.vendor.url.bug" value="http://bugreport.sun.com/bugreport/"/>
    <property name="java.io.tmpdir" value="C:\Users\MASTIG~1\AppData\Local\Temp\"/>
    <property name="java.version" value="1.8.0_241"/>
    <property name="user.dir" value="C:\code\surrey\se-coursework1"/>
    <property name="os.arch" value="x86"/>
    <property name="java.vm.specification.name" value="Java Virtual Machine Specification"/>
    <property name="java.awt.printerjob" value="sun.awt.windows.WPrinterJob"/>
    <property name="sun.os.patch.level" value=""/>
    <property name="java.library.path" value="C:\Program Files (x86)\Java\jre1.8.0_241\bin;C:\WINDOWS\Sun\Java\bin;C:\WINDOWS\system32;C:\WINDOWS;C:\Program Files (x86)\Common Files\Oracle\Java\javapath;C:\Program Files (x86)\NVIDIA Corporation\PhysX\Common;C:\Program Files (x86)\Common Files\Intel\Shared Libraries\redist\intel64\compiler;C:\WINDOWS\system32;C:\WINDOWS;C:\WINDOWS\System32\Wbem;C:\WINDOWS\System32\WindowsPowerShell\v1.0\;C:\Program Files (x86)\ATI Technologies\ATI.ACE\Core-Static;C:\Program Files\dotnet\;C:\WINDOWS\System32\OpenSSH\;C:\Program Files\nodejs\;d:\Program Files\Microsoft VS Code\bin;C:\Program Files\Git\cmd;C:\Program Files\Microsoft SQL Server\130\Tools\Binn\;C:\Program Files\MySQL\MySQL Shell 8.0\bin\;C:\Users\mastigador\AppData\Local\Microsoft\WindowsApps;C:\Users\mastigador\AppData\Roaming\npm;C:\Users\mastigador\AppData\Local\atom\bin;D:\Users\mastigador\AppData\Local\Programs\Python\Python37-32;C:\Program Files\Java\jdk-10.0.1\bin;D:\Program Files\JetBrains\IntelliJ IDEA Community Edition 2019.2.2\bin;;C:\Users\mastigador\AppData\Local\Microsoft\WindowsApps;C:\Users\mastigador\Maven\apache-maven-3.6.3\bin;;."/>
    <property name="java.vm.info" value="mixed mode, sharing"/>
    <property name="java.vendor" value="Oracle Corporation"/>
    <property name="java.vm.version" value="25.241-b07"/>
    <property name="java.ext.dirs" value="C:\Program Files (x86)\Java\jre1.8.0_241\lib\ext;C:\WINDOWS\Sun\Java\lib\ext"/>
    <property name="sun.io.unicode.encoding" value="UnicodeLittle"/>
    <property name="java.class.version" value="52.0"/>
  </properties>
  <testcase name="can_sort_orders_by_time_lapse_mock" classname="coursework.CustomerDataTest" time="1.117"/>
  <testcase name="Can_retrieve_customers_without_sales_representative" classname="coursework.CustomerDataTest" time="0.479"/>
  <testcase name="can_count_customers_without_sales_representative" classname="coursework.CustomerDataTest" time="0.382"/>
  <testcase name="Can_retrieve_all_customers" classname="coursework.CustomerDataTest" time="0.386"/>
  <testcase name="Can_retrieve_avg_order_time_lapse_for_a_customer" classname="coursework.CustomerDataTest" time="0.387"/>
  <testcase name="can_sort_orders_by_time_lapse_sqltest" classname="coursework.CustomerDataTest" time="0.38"/>
</testsuite>